[8120:12920:0521/151756.211:ERROR:device_event_log_impl.cc(214)] [15:17:56.211] USB: usb_service_win.cc:352 Could not get child device's service name: Element not found. (0x490)
[8120:12920:0521/151756.314:ERROR:device_event_log_impl.cc(214)] [15:17:56.313] USB: usb_device_handle_win.cc:1054 Failed to read descriptor from node connection: A device attached to the system is not functioning. (0x1F)
[8120:12920:0521/151756.320:ERROR:device_event_log_impl.cc(214)] [15:17:56.319] USB: usb_device_handle_win.cc:1054 Failed to read descriptor from node connection: A device attached to the system is not functioning. (0x1F)
[8120:12920:0521/151810.789:INFO:CONSOLE(63)] "Terminator datalet is not seen within 12000 ms.", source: https://static-exp1.licdn.com/sc/h/9lm1w74nbjr3k3lavicf1gdym (63)
[8120:12920:0521/151835.099:INFO:CONSOLE(58)] "Using profile voyager-web-feed for route feed.index.index", source: https://static-exp1.licdn.com/sc/h/6oydvamu0ccyz6bjubzwr4zq1 (58)
[8120:12920:0521/151836.527:INFO:CONSOLE(462)] "quill Overwriting modules/clipboard with class extends i{onPaste(e){var t
if(null===(t=e.clipboardData)||void 0===t?void 0:t.getData("text/link-preview")){const t=this.quill.getSelection()
if(!t)return super.onPaste(e)
e.preventDefault()
const i=e.clipboardData.getData("text/plain"),r=(new n).retain(t.index).delete(t.length).insert(i)
this.quill.updateContents(r,"silent")
const a=i.length+t.index,o=0
this.quill.setSelection(a,o,"silent")}return super.onPaste(e)}}", source: https://static-exp1.licdn.com/sc/h/bo45nv088l7tyo5hiqvdsh4jl (462)
[8120:12920:0521/151837.355:INFO:CONSOLE(14792)] "This response was unable to be parsed as json. ", source: https://static-exp1.licdn.com/sc/h/6zhldz0t3mv75bw6egn04326 (14792)
[8120:12920:0521/151838.037:INFO:CONSOLE(14792)] "This response was unable to be parsed as json. ", source: https://static-exp1.licdn.com/sc/h/6zhldz0t3mv75bw6egn04326 (14792)
[8120:12920:0521/151838.660:INFO:CONSOLE(14792)] "This response was unable to be parsed as json. ", source: https://static-exp1.licdn.com/sc/h/6zhldz0t3mv75bw6egn04326 (14792)
[8120:12920:0521/151839.227:INFO:CONSOLE(14792)] "This response was unable to be parsed as json. ", source: https://static-exp1.licdn.com/sc/h/6zhldz0t3mv75bw6egn04326 (14792)
[8120:12920:0521/151839.644:INFO:CONSOLE(8)] "visitor.publishDestinations() result: The destination publishing iframe is already attached and loaded.", source: https://platform.linkedin.com/litms/utag/voyager-web-feed/utag.js?cb=1621590300000 (8)
[8120:12920:0521/151839.747:INFO:CONSOLE(14792)] "This response was unable to be parsed as json. ", source: https://static-exp1.licdn.com/sc/h/6zhldz0t3mv75bw6egn04326 (14792)
[8120:12920:0521/151840.290:INFO:CONSOLE(14792)] "This response was unable to be parsed as json. ", source: https://static-exp1.licdn.com/sc/h/6zhldz0t3mv75bw6egn04326 (14792)
[8120:12920:0521/151911.436:INFO:CONSOLE(58)] "No route based profile for route posts.index. Falling back to global profile voyager-web-global", source: https://static-exp1.licdn.com/sc/h/6oydvamu0ccyz6bjubzwr4zq1 (58)
[8120:12920:0521/151912.744:INFO:CONSOLE(462)] "quill Overwriting modules/clipboard with class extends i{onPaste(e){var t
if(null===(t=e.clipboardData)||void 0===t?void 0:t.getData("text/link-preview")){const t=this.quill.getSelection()
if(!t)return super.onPaste(e)
e.preventDefault()
const i=e.clipboardData.getData("text/plain"),r=(new n).retain(t.index).delete(t.length).insert(i)
this.quill.updateContents(r,"silent")
const a=i.length+t.index,o=0
this.quill.setSelection(a,o,"silent")}return super.onPaste(e)}}", source: https://static-exp1.licdn.com/sc/h/bo45nv088l7tyo5hiqvdsh4jl (462)
[8120:12920:0521/151917.078:INFO:CONSOLE(58)] "No route based profile for route posts.index. Falling back to global profile voyager-web-global", source: https://static-exp1.licdn.com/sc/h/6oydvamu0ccyz6bjubzwr4zq1 (58)
[8120:12920:0521/151917.665:INFO:CONSOLE(462)] "quill Overwriting modules/clipboard with class extends i{onPaste(e){var t
if(null===(t=e.clipboardData)||void 0===t?void 0:t.getData("text/link-preview")){const t=this.quill.getSelection()
if(!t)return super.onPaste(e)
e.preventDefault()
const i=e.clipboardData.getData("text/plain"),r=(new n).retain(t.index).delete(t.length).insert(i)
this.quill.updateContents(r,"silent")
const a=i.length+t.index,o=0
this.quill.setSelection(a,o,"silent")}return super.onPaste(e)}}", source: https://static-exp1.licdn.com/sc/h/bo45nv088l7tyo5hiqvdsh4jl (462)
[8120:12920:0521/151921.874:WARNING:pref_notifier_impl.cc(40)] Pref observer for media_router.cast_allow_all_ips found at shutdown.
